make all --print-data-base --no-builtin-variables --no-builtin-rules --question
Makefile:6: ../common/docker.mk: No such file or directory
make: *** No rule to make target '../common/docker.mk'.  Stop.

# GNU Make 4.3
# Built for x86_64-pc-linux-gnu
# Copyright (C) 1988-2020 Free Software Foundation, Inc.
# License GPLv3+: GNU GPL version 3 or later <http://gnu.org/licenses/gpl.html>
# This is free software: you are free to change and redistribute it.
# There is NO WARRANTY, to the extent permitted by law.

# Make data base, printed on Sun May 15 16:07:48 2022

# Variables

# environment
TMUX_PANE = %0
# environment
GO111MODULE = on
# environment
JAVA_HOME = /usr/lib/jvm/java-1.11.0-openjdk-amd64
# environment
GDK_BACKEND = x11
# environment
LC_ALL = C
# environment
GNOME_SHELL_SESSION_MODE = pop
# environment
SSH_AGENT_LAUNCHER = gnome-keyring
# environment
STARSHIP_SESSION_KEY = 1503616191950730
# makefile (from 'Makefile', line 81)
RUSTC_CMD = cargo rustc $(COMPILER_ARGS)
# environment
VSCODE_IPC_HOOK_EXTHOST = /run/user/1000/vscode-ipc-226cf065-2ac9-479d-a751-214897abad31.sock
# environment
VSCODE_CWD = /home/alexsears/projects/github.com/w3irdrobot/rpios
# environment
GPG_TTY = /dev/pts/1
# environment
WINDOWID = 6291460
# environment
WINDOWPATH = 2
# makefile (from 'Makefile', line 68)
RUSTFLAGS = $(RUSTC_MISC_ARGS) -C link-arg=--library-path=$(LD_SCRIPT_PATH) -C link-arg=--script=$(KERNEL_LINKER_SCRIPT)
# makefile (from 'Makefile', line 61)
KERNEL_ELF_DEPS = $(filter-out %: ,$(file < $(KERNEL_ELF).d)) $(LAST_BUILD_CONFIG)
# default
MAKE_COMMAND := make
# environment
QT_ACCESSIBILITY = 1
# environment
GOPATH = /home/alexsears/go
# automatic
@D = $(patsubst %/,%,$(dir $@))
# environment
DOCKER_BUILDKIT = 1
# environment
VSCODE_HANDLES_UNCAUGHT_ERRORS = true
# default
.VARIABLES := 
# environment
PWD = /home/alexsears/projects/github.com/w3irdrobot/rpios
# automatic
%D = $(patsubst %/,%,$(dir $%))
# environment
LSCOLORS = HeExBxDxcxegedabagacad
# environment
XDG_DATA_DIRS = /usr/share/pop:/usr/share/gnome:/home/alexsears/.local/share/flatpak/exports/share:/var/lib/flatpak/exports/share:/usr/local/share/:/usr/share/
# environment
OLDPWD = /home/alexsears/projects/github.com/w3irdrobot
# automatic
^D = $(patsubst %/,%,$(dir $^))
# environment
VSCODE_LOG_STACK = false
# automatic
%F = $(notdir $%)
# environment
ALACRITTY_SOCKET = /run/user/1000/Alacritty-:1-41202.sock
# environment
VSCODE_CODE_CACHE_PATH = /home/alexsears/.config/Code/CachedData/da15b6fd3ef856477bf6f4fb29ba1b7af717770d
# environment
LANG = C
# environment
XAUTHORITY = /run/user/1000/gdm/Xauthority
# default
.LOADED := 
# default
.INCLUDE_DIRS = /usr/local/include /usr/include /usr/include
# makefile
MAKEFLAGS = prR
# makefile (from 'Makefile', line 56)
LAST_BUILD_CONFIG = target/$(BSP).build_config
# makefile
CURDIR := /home/alexsears/projects/github.com/w3irdrobot/rpios
# makefile (from 'Makefile', line 30)
READELF_BINARY = aarch64-none-elf-readelf
# environment
VSCODE_PIPE_LOGGING = true
# environment
APPLICATION_INSIGHTS_NO_DIAGNOSTIC_CHANNEL = true
# automatic
*D = $(patsubst %/,%,$(dir $*))
# environment
MFLAGS = -prR
# environment
SSH_AUTH_SOCK = /run/user/1000/keyring/ssh
# default
.SHELLFLAGS := -c
# environment
XDG_CONFIG_DIRS = /etc/xdg/xdg-pop:/etc/xdg
# environment
NPM_CONFIG_PREFIX = /usr/local/lib/npm
# automatic
+D = $(patsubst %/,%,$(dir $+))
# environment
XDG_SESSION_DESKTOP = pop
# makefile (from 'Makefile', line 1)
MAKEFILE_LIST := Makefile
# automatic
@F = $(notdir $@)
# environment
VSCODE_VERBOSE_LOGGING = true
# makefile (from 'Makefile', line 76)
FEATURES = --features bsp_$(BSP)
# environment
VSCODE_PID = 46930
# environment
XDG_SESSION_TYPE = x11
# makefile (from 'Makefile', line 77)
COMPILER_ARGS = --target=$(TARGET) $(FEATURES) --release
# environment
TMUX = /tmp/tmux-1000/default,41281,0
# automatic
?D = $(patsubst %/,%,$(dir $?))
# environment
SESSION_MANAGER = local/boring-name:@/tmp/.ICE-unix/3654,unix/boring-name:/tmp/.ICE-unix/3654
# automatic
*F = $(notdir $*)
# makefile (from 'Makefile', line 29)
NM_BINARY = aarch64-none-elf-nm
# environment
CHROME_DESKTOP = code-url-handler.desktop
# environment
DBUS_SESSION_BUS_ADDRESS = unix:path=/run/user/1000/bus
# automatic
<D = $(patsubst %/,%,$(dir $<))
# environment
VSCODE_NLS_CONFIG = {"locale":"en-us","availableLanguages":{},"_languagePackSupport":true}
# makefile (from 'Makefile', line 31)
LD_SCRIPT_PATH = $(shell pwd)/src/bsp/raspberrypi
# environment
CLICOLOR = 1
# default
MAKE_HOST := x86_64-pc-linux-gnu
# environment
GNOME_DESKTOP_SESSION_ID = this-is-deprecated
# makefile
SHELL = /bin/sh
# default
MAKECMDGOALS := all
# environment
PLATFORMIO_CALLER = vscode
# environment
XMODIFIERS = @im=ibus
# makefile (from 'Makefile', line 54)
KERNEL_LINKER_SCRIPT = kernel.ld
# makefile (from 'Makefile', line 26)
QEMU_MACHINE_TYPE = raspi3
# environment
SHLVL = 1
# environment
MAKELEVEL := 0
# default
MAKE = $(MAKE_COMMAND)
# environment
PATH = /home/alexsears/.local/bin:/home/alexsears/.cargo/bin:/home/alexsears/go/bin:/usr/lib/go/1.18.1/bin:/usr/local/bin:/usr/local/sbin:/usr/bin:/usr/sbin:/bin:/sbin
# default
MAKEFILES := 
# automatic
^F = $(notdir $^)
# makefile (from 'Makefile', line 83)
CLIPPY_CMD = cargo clippy $(COMPILER_ARGS)
# environment
GOROOT = /usr/lib/go/1.18.1
# environment
INVOCATION_ID = a192d424e663408db2ce281556502a29
# environment
XDG_CONFIG_HOME = /home/alexsears/.config
# makefile (from 'Makefile', line 58)
KERNEL_ELF = target/$(TARGET)/release/kernel
# makefile (from 'Makefile', line 24)
KERNEL_BIN = kernel8.img
# makefile (from 'Makefile', line 72)
RUSTFLAGS_PEDANTIC = $(RUSTFLAGS) -D warnings -D missing_docs
# makefile (from 'Makefile', line 88)
EXEC_QEMU = $(QEMU_BINARY) -M $(QEMU_MACHINE_TYPE)
# environment
VSCODE_LOG_NATIVE = false
# makefile (from 'Makefile', line 97)
DOCKER_QEMU = $(DOCKER_CMD_INTERACT) $(DOCKER_IMAGE)
# environment
USERNAME = alexsears
# environment
TERM_PROGRAM = tmux
# environment
GOPRIVATE = github.com/getvoltage/surge-agent
# automatic
?F = $(notdir $?)
# makefile (from 'Makefile', line 27)
QEMU_RELEASE_ARGS = -d in_asm -display none
# environment
GTK_IM_MODULE = ibus
# environment
NO_PROXY = 127.0.0.1
# environment
XDG_CURRENT_DESKTOP = Unity
# environment
ALACRITTY_LOG = /tmp/Alacritty-41202.log
# automatic
+F = $(notdir $+)
# environment
DESKTOP_SESSION = pop
# environment
ORIGINAL_XDG_CURRENT_DESKTOP = pop:GNOME
# 'override' directive
GNUMAKEFLAGS := 
# environment
LOGNAME = alexsears
# environment
PLATFORMIO_PATH = /home/alexsears/.platformio/python3/bin:/home/alexsears/.local/bin:/home/alexsears/.cargo/bin:/home/alexsears/go/bin:/usr/lib/go/1.18.1/bin:/usr/local/bin:/usr/local/sbin:/usr/bin:/usr/sbin:/bin:/sbin
# makefile
.DEFAULT_GOAL := all
# environment
SYSTEMD_EXEC_PID = 3929
# makefile (from 'Makefile', line 82)
DOC_CMD = cargo doc $(COMPILER_ARGS)
# environment
EDITOR = vim
# environment
DISPLAY = :1
# environment
USER = alexsears
# environment
GTK_MODULES = gail:atk-bridge:appmenu-gtk-module
# makefile (from 'Makefile', line 93)
DOCKER_CMD = docker run -t --rm -v $(shell pwd):/work/tutorial -w /work/tutorial
# default
MAKE_VERSION := 4.3
# environment
BASH_SILENCE_DEPRECATION_WARNING = 1
# environment
MANAGERPID = 3170
# environment
STARSHIP_CONFIG = /home/alexsears/dotfiles/starship_config.toml
# environment
STARSHIP_SHELL = bash
# environment
GIO_LAUNCHED_DESKTOP_FILE_PID = 41202
# environment
_ = /usr/bin/code
# environment
XDG_RUNTIME_DIR = /run/user/1000
# environment
GPG_AGENT_INFO = /run/user/1000/gnupg/S.gpg-agent:0:1
# environment
COLORTERM = truecolor
# makefile (from 'Makefile', line 20)
QEMU_MISSING_STRING = "This board is not yet supported for QEMU."
# environment
NODE_PATH = :/usr/local/lib/npm/lib/node_modules:/usr/local/lib/npm/lib/node_modules
# environment
JOURNAL_STREAM = 8:46872
# environment
XDG_SESSION_CLASS = user
# environment
VSCODE_AMD_ENTRYPOINT = vs/workbench/api/node/extensionHostProcess
# environment
PLATFORMIO_IDE = 2.4.3
# environment
HOME = /home/alexsears
# environment
 
QT_IM_MODULE = ibus
# makefile (from 'Makefile', line 13)
BSP = rpi3
# makefile (from 'Makefile', line 94)
DOCKER_CMD_INTERACT = $(DOCKER_CMD) -i
# makefile (from 'Makefile', line 32)
RUSTC_MISC_ARGS = -C target-cpu=cortex-a53
# environment
ELECTRON_RUN_AS_NODE = 1
# environment
VSCODE_IPC_HOOK = /run/user/1000/vscode-98549faf-1.67.1-main.sock
# environment
TERM = xterm-256color
# makefile (from 'Makefile', line 98)
DOCKER_TOOLS = $(DOCKER_CMD) $(DOCKER_IMAGE)
# default
.RECIPEPREFIX := 
# automatic
<F = $(notdir $<)
# default
SUFFIXES := 
# makefile (from 'Makefile', line 23)
TARGET = aarch64-unknown-none-softfloat
# makefile (from 'Makefile', line 25)
QEMU_BINARY = qemu-system-aarch64
# environment
VSCODE_CLI = 1
# environment
ELECTRON_NO_ATTACH_CONSOLE = 1
# makefile (from 'Makefile', line 28)
OBJDUMP_BINARY = aarch64-none-elf-objdump
# default
.FEATURES := target-specific order-only second-expansion else-if shortest-stem undefine oneshell nocomment grouped-target extra-prereqs archives jobserver output-sync check-symlink load
# makefile (from 'Makefile', line 84)
OBJCOPY_CMD = rust-objcopy --strip-all -O binary
# environment
XDG_MENU_PREFIX = gnome-
# environment
TERM_PROGRAM_VERSION = 3.2a
# environment
AS_DOTFILES_DIR = /home/alexsears/dotfiles
# environment
GDMSESSION = pop
# variable set hash-table stats:
# Load=155/1024=15%, Rehash=0, Collisions=14/206=7%

# Pattern-specific Variable Values

# No pattern-specific variable values.

# Directories

# . (device 64769, inode 9181802): 8 files, no impossibilities.

# 8 files, no impossibilities in 1 directories.

# Implicit Rules

# No implicit rules.

# Files

check:
#  Phony target (prerequisite of .PHONY).
#  Implicit rule search has not been done.
#  File does not exist.
#  File has not been updated.

# Not a target:
Makefile:
#  Implicit rule search has not been done.
#  Last modified 2022-05-15 16:07:24.96088701
#  File has not been updated.

clean:
#  Phony target (prerequisite of .PHONY).
#  Implicit rule search has not been done.
#  File does not exist.
#  File has not been updated.
#  recipe to execute (from 'Makefile', line 167):
	rm -rf target $(KERNEL_BIN)

readelf: target/aarch64-unknown-none-softfloat/release/kernel
#  Phony target (prerequisite of .PHONY).
#  Implicit rule search has not been done.
#  File does not exist.
#  File has not been updated.
#  recipe to execute (from 'Makefile', line 173):
	$(call color_header, "Launching readelf")
	@$(DOCKER_TOOLS) $(READELF_BINARY) --headers $(KERNEL_ELF)

nm: target/aarch64-unknown-none-softfloat/release/kernel
#  Phony target (prerequisite of .PHONY).
#  Implicit rule search has not been done.
#  File does not exist.
#  File has not been updated.
#  recipe to execute (from 'Makefile', line 189):
	$(call color_header, "Launching nm")
	@$(DOCKER_TOOLS) $(NM_BINARY) --demangle --print-size $(KERNEL_ELF) | sort | rustfilt

target/rpi3.build_config:
#  Implicit rule search has not been done.
#  Modification time never checked.
#  File has not been updated.
#  recipe to execute (from 'Makefile', line 113):
	@rm -f target/*.build_config
	@mkdir -p target
	@touch $(LAST_BUILD_CONFIG)

clippy:
#  Phony target (prerequisite of .PHONY).
#  Implicit rule search has not been done.
#  File does not exist.
#  File has not been updated.
#  recipe to execute (from 'Makefile', line 161):
	@RUSTFLAGS="$(RUSTFLAGS_PEDANTIC)" $(CLIPPY_CMD)

# Not a target:
../common/format.mk:
#  Implicit rule search has not been done.
#  File does not exist.
#  File has not been updated.

# Not a target:
.DEFAULT:
#  Implicit rule search has not been done.
#  Modification time never checked.
#  File has not been updated.

all: kernel8.img
#  Phony target (prerequisite of .PHONY).
#  Command line target.
#  Implicit rule search has not been done.
#  File does not exist.
#  File has not been updated.

doc:
#  Phony target (prerequisite of .PHONY).
#  Implicit rule search has not been done.
#  File does not exist.
#  File has not been updated.
#  recipe to execute (from 'Makefile', line 139):
	$(call color_header, "Generating docs")
	@$(DOC_CMD) --document-private-items --open

# Not a target:
../common/docker.mk:
#  Implicit rule search has been done.
#  File does not exist.
#  File has not been updated.

target/aarch64-unknown-none-softfloat/release/kernel: target/rpi3.build_config
#  Implicit rule search has not been done.
#  Modification time never checked.
#  File has not been updated.
#  recipe to execute (from 'Makefile', line 121):
	$(call color_header, "Compiling kernel ELF - $(BSP)")
	@RUSTFLAGS="$(RUSTFLAGS_PEDANTIC)" $(RUSTC_CMD)

qemu: kernel8.img
#  Phony target (prerequisite of .PHONY).
#  Implicit rule search has not been done.
#  File does not exist.
#  File has not been updated.
#  recipe to execute (from 'Makefile', line 153):
	$(call color_header, "Launching QEMU")
	@$(DOCKER_QEMU) $(EXEC_QEMU) $(QEMU_RELEASE_ARGS) -kernel $(KERNEL_BIN)

kernel8.img: target/aarch64-unknown-none-softfloat/release/kernel
#  Implicit rule search has not been done.
#  Modification time never checked.
#  File has not been updated.
#  recipe to execute (from 'Makefile', line 128):
	$(call color_header, "Generating stripped binary")
	@$(OBJCOPY_CMD) $(KERNEL_ELF) $(KERNEL_BIN)
	$(call color_progress_prefix, "Name")
	@echo $(KERNEL_BIN)
	$(call color_progress_prefix, "Size")
	@printf '%s KiB\n' `du -k $(KERNEL_BIN) | cut -f1`

objdump: target/aarch64-unknown-none-softfloat/release/kernel
#  Phony target (prerequisite of .PHONY).
#  Implicit rule search has not been done.
#  File does not exist.
#  File has not been updated.
#  recipe to execute (from 'Makefile', line 180):
	$(call color_header, "Launching objdump")
	@$(DOCKER_TOOLS) $(OBJDUMP_BINARY) --disassemble --demangle \
                --section .text   \
                $(KERNEL_ELF) | rustfilt

.PHONY: all doc qemu clippy clean readelf objdump nm check
#  Implicit rule search has not been done.
#  Modification time never checked.
#  File has not been updated.

# files hash-table stats:
# Load=18/1024=2%, Rehash=0, Collisions=3/55=5%
# VPATH Search Paths

# No 'vpath' search paths.

# No general ('VPATH' variable) search path.

# strcache buffers: 1 (0) / strings = 27 / storage = 292 B / avg = 10 B
# current buf: size = 8162 B / used = 292 B / count = 27 / avg = 10 B

# strcache performance: lookups = 61 / hit rate = 55%
# hash-table stats:
# Load=27/8192=0%, Rehash=0, Collisions=0/61=0%
# Finished Make data base on Sun May 15 16:07:48 2022

 
